



alphaT

****************************************
Minimizer is Linear
Chi2                      =      1.45031
NDf                       =            6
p0                        =   -0.0201099   +/-   0.0379588   




jBinOneTojBinTwoMuOneB

****************************************
Minimizer is Linear
Chi2                      =      5.80931
NDf                       =            6
p0                        =    -0.135581   +/-   0.0290284   




jBinOneTojBinTwoMuTwoB

****************************************
Minimizer is Linear
Chi2                      =      5.29769
NDf                       =            6
p0                        =   -0.0666016   +/-   0.0453864   




jBinOneTojBinTwoMuZeroB

****************************************
Minimizer is Linear
Chi2                      =      12.2436
NDf                       =            6
p0                        =   -0.0321086   +/-   0.0217705   




jBinOneTojBinTwoPhotZeroB

****************************************
Minimizer is Linear
Chi2                      =      4.92221
NDf                       =            6
p0                        =    0.0476839   +/-   0.0431282   




oneBtoTwoB

****************************************
Minimizer is Linear
Chi2                      =      11.4822
NDf                       =            6
p0                        =    0.0645602   +/-   0.0355933   




zeroBtoOneB

****************************************
Minimizer is Linear
Chi2                      =      25.2859
NDf                       =            6
p0                        =   -0.0592002   +/-   0.0295662   

\begin{table}[!h]
  \label{tab:syst-fits-ge4j}
  \centering
  \footnotesize
  \begin{tabular}{ llrccc }
    \hline
    \hline
    &             & \multicolumn{4}{c}{Constant fit} \\
    \cline{3-6}
    Closure test  & Symbol & Best fit value & $\chi^2$ & d.o.f. & $p$-value \\
    \hline
    $\alphat < 0.55 \ra \alphat > 0.55$ (\mj) & Circle & $-0.020 \pm 0.04$ & 1.45 & 6 & 0.96 \\ 
    \njetlow \ra \njethigh (\mj, 1 b-tags) & Times & $-0.136 \pm 0.03$ & 5.81 & 6 & 0.44 \\ 
    \njetlow \ra \njethigh (\mj, 1 b-tags) & Invert. Triangle & $-0.067 \pm 0.05$ & 5.30 & 6 & 0.51 \\ 
    \njetlow \ra \njethigh (\mj, 0 b-tags) & Star & $-0.032 \pm 0.02$ & 12.24 & 6 & 0.06 \\ 
    \njetlow \ra \njethigh (\gj, 0 b-tags) & Diamond & $0.048 \pm 0.04$ & 4.92 & 6 & 0.55 \\ 
    1 b-tags \ra 2 b-tags (\mj) & Triangle & $0.065 \pm 0.04$ & 11.48 & 6 & 0.07 \\ 
    0 b-tags \ra 1 b-tags (\mj) & Square & $-0.059 \pm 0.03$ & 25.29 & 6 & 0.00 \\ 
    \hline
    \hline
  \end{tabular}
\end{table}





alphaT

****************************************
Minimizer is Linear
Chi2                      =      1.45031
NDf                       =            6
p0                        =   -0.0201099   +/-   0.0379588   




jBinOneTojBinTwoMuOneB

****************************************
Minimizer is Linear
Chi2                      =      5.80931
NDf                       =            6
p0                        =    -0.135581   +/-   0.0290284   




jBinOneTojBinTwoMuTwoB

****************************************
Minimizer is Linear
Chi2                      =      5.29769
NDf                       =            6
p0                        =   -0.0666016   +/-   0.0453864   




jBinOneTojBinTwoMuZeroB

****************************************
Minimizer is Linear
Chi2                      =      12.2436
NDf                       =            6
p0                        =   -0.0321086   +/-   0.0217705   




jBinOneTojBinTwoPhotZeroB

****************************************
Minimizer is Linear
Chi2                      =      4.92221
NDf                       =            6
p0                        =    0.0476839   +/-   0.0431282   




oneBtoTwoB

****************************************
Minimizer is Linear
Chi2                      =      11.4822
NDf                       =            6
p0                        =    0.0645602   +/-   0.0355933   




zeroBtoOneB

****************************************
Minimizer is Linear
Chi2                      =      25.2859
NDf                       =            6
p0                        =   -0.0592002   +/-   0.0295662   

\begin{table}[!h]
  \label{tab:syst-fits-ge4j}
  \centering
  \footnotesize
  \begin{tabular}{ llrccc }
    \hline
    \hline
    &             & \multicolumn{4}{c}{Constant fit} \\
    \cline{3-6}
    Closure test  & Symbol & Best fit value & $\chi^2$ & d.o.f. & $p$-value \\
    \hline
    $\alphat < 0.55 \ra \alphat > 0.55$ (\mj) & Circle & $-0.020 \pm 0.04$ & 1.45 & 6 & 0.96 \\ 
    \njetlow \ra \njethigh (\mj, 1 b-tags) & Times & $-0.136 \pm 0.03$ & 5.81 & 6 & 0.44 \\ 
    \njetlow \ra \njethigh (\mj, 1 b-tags) & Invert. Triangle & $-0.067 \pm 0.05$ & 5.30 & 6 & 0.51 \\ 
    \njetlow \ra \njethigh (\mj, 0 b-tags) & Star & $-0.032 \pm 0.02$ & 12.24 & 6 & 0.06 \\ 
    \njetlow \ra \njethigh (\gj, 0 b-tags) & Diamond & $0.048 \pm 0.04$ & 4.92 & 6 & 0.55 \\ 
    1 b-tags \ra 2 b-tags (\mj) & Triangle & $0.065 \pm 0.04$ & 11.48 & 6 & 0.07 \\ 
    0 b-tags \ra 1 b-tags (\mj) & Square & $-0.059 \pm 0.03$ & 25.29 & 6 & 0.00 \\ 
    \hline
    \hline
  \end{tabular}
\end{table}

ge4j
1 0.0459013308391
2 0.0459013308391
3 0.0874046062946
4 0.0874046062946
5 0.119191173705
6 0.119191173705
7 0.163973915801




alphaT

****************************************
Minimizer is Linear
Chi2                      =       5.2765
NDf                       =            6
p0                        =   -0.0401822   +/-   0.0241741   




jBinOneTojBinTwoMuOneB

****************************************
Minimizer is Linear
Chi2                      =      5.80931
NDf                       =            6
p0                        =    -0.135581   +/-   0.0290284   




jBinOneTojBinTwoMuTwoB

****************************************
Minimizer is Linear
Chi2                      =      5.29769
NDf                       =            6
p0                        =   -0.0666016   +/-   0.0453864   




jBinOneTojBinTwoMuZeroB

****************************************
Minimizer is Linear
Chi2                      =      12.2436
NDf                       =            6
p0                        =   -0.0321086   +/-   0.0217705   




jBinOneTojBinTwoPhotZeroB

****************************************
Minimizer is Linear
Chi2                      =      4.92221
NDf                       =            6
p0                        =    0.0476839   +/-   0.0431282   




oneBtoTwoB3

****************************************
Minimizer is Linear
Chi2                      =      5.38124
NDf                       =            6
p0                        =    0.0144652   +/-   0.0419795   




zeroBtoOneB2

****************************************
Minimizer is Linear
Chi2                      =      3.63372
NDf                       =            6
p0                        =    0.0930911   +/-   0.0343649   




zeroBtoOneB3

****************************************
Minimizer is Linear
Chi2                      =      2.01473
NDf                       =            6
p0                        =    0.0323222   +/-   0.0225757   

\begin{table}[!h]
  \label{tab:syst-fits-le3j}
  \centering
  \footnotesize
  \begin{tabular}{ llrccc }
    \hline
    \hline
    &             & \multicolumn{4}{c}{Constant fit} \\
    \cline{3-6}
    Closure test  & Symbol & Best fit value & $\chi^2$ & d.o.f. & $p$-value \\
    \hline
    $\alphat < 0.55 \ra \alphat > 0.55$ (\mj) & Circle & $-0.040 \pm 0.02$ & 5.28 & 6 & 0.51 \\ 
    \njetlow \ra \njethigh (\mj, 1 b-tags) & Times & $-0.136 \pm 0.03$ & 5.81 & 6 & 0.44 \\ 
    \njetlow \ra \njethigh (\mj, 1 b-tags) & Invert. Triangle & $-0.067 \pm 0.05$ & 5.30 & 6 & 0.51 \\ 
    \njetlow \ra \njethigh (\mj, 0 b-tags) & Star & $-0.032 \pm 0.02$ & 12.24 & 6 & 0.06 \\ 
    \njetlow \ra \njethigh (\gj, 0 b-tags) & Diamond & $0.048 \pm 0.04$ & 4.92 & 6 & 0.55 \\ 
    1 b-tags \ra 2 b-tags (\mj, nJet=3) & Triangle & $0.014 \pm 0.04$ & 5.38 & 6 & 0.50 \\ 
    0 b-tags \ra 1 b-tags (\mj, nJet=2) & Cross & $0.093 \pm 0.03$ & 3.63 & 6 & 0.73 \\ 
    0 b-tags \ra 1 b-tags (\mj, nJet=3) & Square & $0.032 \pm 0.02$ & 2.01 & 6 & 0.92 \\ 
    \hline
    \hline
  \end{tabular}
\end{table}





alphaT

****************************************
Minimizer is Linear
Chi2                      =       5.2765
NDf                       =            6
p0                        =   -0.0401822   +/-   0.0241741   




jBinOneTojBinTwoMuOneB

****************************************
Minimizer is Linear
Chi2                      =      5.80931
NDf                       =            6
p0                        =    -0.135581   +/-   0.0290284   




jBinOneTojBinTwoMuTwoB

****************************************
Minimizer is Linear
Chi2                      =      5.29769
NDf                       =            6
p0                        =   -0.0666016   +/-   0.0453864   




jBinOneTojBinTwoMuZeroB

****************************************
Minimizer is Linear
Chi2                      =      12.2436
NDf                       =            6
p0                        =   -0.0321086   +/-   0.0217705   




jBinOneTojBinTwoPhotZeroB

****************************************
Minimizer is Linear
Chi2                      =      4.92221
NDf                       =            6
p0                        =    0.0476839   +/-   0.0431282   




oneBtoTwoB3

****************************************
Minimizer is Linear
Chi2                      =      5.38124
NDf                       =            6
p0                        =    0.0144652   +/-   0.0419795   




zeroBtoOneB2

****************************************
Minimizer is Linear
Chi2                      =      3.63372
NDf                       =            6
p0                        =    0.0930911   +/-   0.0343649   




zeroBtoOneB3

****************************************
Minimizer is Linear
Chi2                      =      2.01473
NDf                       =            6
p0                        =    0.0323222   +/-   0.0225757   

\begin{table}[!h]
  \label{tab:syst-fits-le3j}
  \centering
  \footnotesize
  \begin{tabular}{ llrccc }
    \hline
    \hline
    &             & \multicolumn{4}{c}{Constant fit} \\
    \cline{3-6}
    Closure test  & Symbol & Best fit value & $\chi^2$ & d.o.f. & $p$-value \\
    \hline
    $\alphat < 0.55 \ra \alphat > 0.55$ (\mj) & Circle & $-0.040 \pm 0.02$ & 5.28 & 6 & 0.51 \\ 
    \njetlow \ra \njethigh (\mj, 1 b-tags) & Times & $-0.136 \pm 0.03$ & 5.81 & 6 & 0.44 \\ 
    \njetlow \ra \njethigh (\mj, 1 b-tags) & Invert. Triangle & $-0.067 \pm 0.05$ & 5.30 & 6 & 0.51 \\ 
    \njetlow \ra \njethigh (\mj, 0 b-tags) & Star & $-0.032 \pm 0.02$ & 12.24 & 6 & 0.06 \\ 
    \njetlow \ra \njethigh (\gj, 0 b-tags) & Diamond & $0.048 \pm 0.04$ & 4.92 & 6 & 0.55 \\ 
    1 b-tags \ra 2 b-tags (\mj, nJet=3) & Triangle & $0.014 \pm 0.04$ & 5.38 & 6 & 0.50 \\ 
    0 b-tags \ra 1 b-tags (\mj, nJet=2) & Cross & $0.093 \pm 0.03$ & 3.63 & 6 & 0.73 \\ 
    0 b-tags \ra 1 b-tags (\mj, nJet=3) & Square & $0.032 \pm 0.02$ & 2.01 & 6 & 0.92 \\ 
    \hline
    \hline
  \end{tabular}
\end{table}

le3j
1 0.0320545873444
2 0.0375287336067
3 0.0743096750102
4 0.111494351721
5 0.111494351721
6 0.111494351721
7 0.132379128886
