



alphaT

****************************************
Minimizer is Linear
Chi2                      =      5.81096
NDf                       =            7
p0                        =    0.0109107   +/-   0.0362962   




jBinOneTojBinTwoMuOneB

****************************************
Minimizer is Linear
Chi2                      =      8.01651
NDf                       =            7
p0                        =   -0.0527452   +/-   0.0279411   




jBinOneTojBinTwoMuTwoB

****************************************
Minimizer is Linear
Chi2                      =      6.23173
NDf                       =            7
p0                        =    0.0180037   +/-   0.0446257   




jBinOneTojBinTwoMuZeroB

****************************************
Minimizer is Linear
Chi2                      =      9.24338
NDf                       =            7
p0                        =    0.0335465   +/-   0.0212487   




jBinOneTojBinTwoPhotZeroB

****************************************
Minimizer is Linear
Chi2                      =      12.2031
NDf                       =            7
p0                        =     0.100206   +/-   0.0405105   




oneBtoTwoB

****************************************
Minimizer is Linear
Chi2                      =      9.36378
NDf                       =            7
p0                        =    0.0447116   +/-   0.0336172   




zeroBtoOneB

****************************************
Minimizer is Linear
Chi2                      =      25.2995
NDf                       =            7
p0                        =   0.00732551   +/-   0.0283273   




alphaT

****************************************
Minimizer is Linear
Chi2                      =      5.81096
NDf                       =            7
p0                        =    0.0109107   +/-   0.0362962   




jBinOneTojBinTwoMuOneB

****************************************
Minimizer is Linear
Chi2                      =      8.01651
NDf                       =            7
p0                        =   -0.0527452   +/-   0.0279411   




jBinOneTojBinTwoMuTwoB

****************************************
Minimizer is Linear
Chi2                      =      6.23173
NDf                       =            7
p0                        =    0.0180037   +/-   0.0446257   




jBinOneTojBinTwoMuZeroB

****************************************
Minimizer is Linear
Chi2                      =      9.24338
NDf                       =            7
p0                        =    0.0335465   +/-   0.0212487   




jBinOneTojBinTwoPhotZeroB

****************************************
Minimizer is Linear
Chi2                      =      12.2031
NDf                       =            7
p0                        =     0.100206   +/-   0.0405105   




oneBtoTwoB

****************************************
Minimizer is Linear
Chi2                      =      9.36378
NDf                       =            7
p0                        =    0.0447116   +/-   0.0336172   




zeroBtoOneB

****************************************
Minimizer is Linear
Chi2                      =      25.2995
NDf                       =            7
p0                        =   0.00732551   +/-   0.0283273   
ge4j
1 0.0270903404576
2 0.0445712283046
3 0.0609088639964
4 0.127681484932
5 0.127681484932
6 0.127681484932
7 0.127681484932
8 0.195374362475




alphaT

****************************************
Minimizer is Linear
Chi2                      =      3.91332
NDf                       =            7
p0                        =   0.00650663   +/-   0.0235372   




jBinOneTojBinTwoMuOneB

****************************************
Minimizer is Linear
Chi2                      =      8.01651
NDf                       =            7
p0                        =   -0.0527452   +/-   0.0279411   




jBinOneTojBinTwoMuTwoB

****************************************
Minimizer is Linear
Chi2                      =      6.23173
NDf                       =            7
p0                        =    0.0180037   +/-   0.0446257   




jBinOneTojBinTwoMuZeroB

****************************************
Minimizer is Linear
Chi2                      =      9.24338
NDf                       =            7
p0                        =    0.0335465   +/-   0.0212487   




jBinOneTojBinTwoPhotZeroB

****************************************
Minimizer is Linear
Chi2                      =      12.2031
NDf                       =            7
p0                        =     0.100206   +/-   0.0405105   




oneBtoTwoB3

****************************************
Minimizer is Linear
Chi2                      =      3.20432
NDf                       =            7
p0                        =  -0.00753379   +/-   0.0405519   




zeroBtoOneB2

****************************************
Minimizer is Linear
Chi2                      =      5.87354
NDf                       =            7
p0                        =      0.11082   +/-   0.0342575   




zeroBtoOneB3

****************************************
Minimizer is Linear
Chi2                      =      1.12033
NDf                       =            7
p0                        =    0.0396114   +/-   0.0217781   




alphaT

****************************************
Minimizer is Linear
Chi2                      =      3.91332
NDf                       =            7
p0                        =   0.00650663   +/-   0.0235372   




jBinOneTojBinTwoMuOneB

****************************************
Minimizer is Linear
Chi2                      =      8.01651
NDf                       =            7
p0                        =   -0.0527452   +/-   0.0279411   




jBinOneTojBinTwoMuTwoB

****************************************
Minimizer is Linear
Chi2                      =      6.23173
NDf                       =            7
p0                        =    0.0180037   +/-   0.0446257   




jBinOneTojBinTwoMuZeroB

****************************************
Minimizer is Linear
Chi2                      =      9.24338
NDf                       =            7
p0                        =    0.0335465   +/-   0.0212487   




jBinOneTojBinTwoPhotZeroB

****************************************
Minimizer is Linear
Chi2                      =      12.2031
NDf                       =            7
p0                        =     0.100206   +/-   0.0405105   




oneBtoTwoB3

****************************************
Minimizer is Linear
Chi2                      =      3.20432
NDf                       =            7
p0                        =  -0.00753379   +/-   0.0405519   




zeroBtoOneB2

****************************************
Minimizer is Linear
Chi2                      =      5.87354
NDf                       =            7
p0                        =      0.11082   +/-   0.0342575   




zeroBtoOneB3

****************************************
Minimizer is Linear
Chi2                      =      1.12033
NDf                       =            7
p0                        =    0.0396114   +/-   0.0217781   
le3j
1 0.0285990260695
2 0.0394980874076
3 0.0517572718323
4 0.114466557069
5 0.114466557069
6 0.157579928392
7 0.157579928392
8 0.162175909759
